<?xml version="1.0" encoding="utf-8"?><testsuite errors="0" failures="0" name="pytest" skips="0" tests="5" time="1.377"><testcase classname="tests.test_fibonacci.TestFibonacci" file="tests/test_fibonacci.py" line="35" name="test_fibonacci0" time="0.00372362136841"></testcase><testcase classname="tests.test_fibonacci.TestFibonacci" file="tests/test_fibonacci.py" line="39" name="test_fibonacci1" time="0.00206184387207"></testcase><testcase classname="tests.test_fibonacci.TestFibonacci" file="tests/test_fibonacci.py" line="43" name="test_fibonacci2" time="0.00160884857178"></testcase><testcase classname="tests.test_fibonacci.TestFibonacci" file="tests/test_fibonacci.py" line="47" name="test_fibonacci3" time="0.00204968452454"></testcase><testcase classname="tests.test_fibonacci.TestFibonacci" file="tests/test_fibonacci.py" line="51" name="test_fibonacci30" time="1.28799295425"></testcase></testsuite>